{"timestamp":"2025-12-02T03:17:52.840Z","event":"boot","runtime":"opus67","durationMs":87.63,"mode":"auto","config":{"tokenBudget":50000,"maxSkills":5,"autoConnectMcps":true,"defaultMode":"auto","showBootScreen":true}}
{"timestamp":"2025-12-02T07:55:07.176Z","event":"boot","runtime":"opus67","durationMs":50.27,"mode":"auto","config":{"tokenBudget":50000,"maxSkills":5,"autoConnectMcps":true,"defaultMode":"auto","showBootScreen":true}}
{"timestamp":"2025-12-02T07:55:07.257Z","event":"process","runtime":"opus67","totalMs":73.89,"detectMs":14.28,"skillsMs":16.48,"mcpsMs":12.76,"mode":"light","confidence":1,"complexity":1,"skillsLoaded":1,"mcpsConnected":3}
{"timestamp":"2025-12-02T07:55:07.303Z","event":"boot","runtime":"opus67","durationMs":45.75,"mode":"auto","config":{"tokenBudget":50000,"maxSkills":5,"autoConnectMcps":true,"defaultMode":"auto","showBootScreen":true}}
{"timestamp":"2025-12-02T07:55:07.376Z","event":"process","runtime":"opus67","totalMs":70.89,"detectMs":15.15,"skillsMs":12.09,"mcpsMs":10.73,"mode":"creative","confidence":1,"complexity":6,"skillsLoaded":5,"mcpsConnected":5}
{"timestamp":"2025-12-02T07:55:07.448Z","event":"boot","runtime":"opus67","durationMs":71.6,"mode":"auto","config":{"tokenBudget":50000,"maxSkills":5,"autoConnectMcps":true,"defaultMode":"auto","showBootScreen":true}}
{"timestamp":"2025-12-02T07:55:07.537Z","event":"process","runtime":"opus67","totalMs":85.97,"detectMs":21.16,"skillsMs":10.77,"mcpsMs":11.74,"mode":"build","confidence":1,"complexity":3,"skillsLoaded":4,"mcpsConnected":5}
{"timestamp":"2025-12-02T07:55:07.612Z","event":"boot","runtime":"opus67","durationMs":74.49,"mode":"auto","config":{"tokenBudget":50000,"maxSkills":5,"autoConnectMcps":true,"defaultMode":"auto","showBootScreen":true}}
{"timestamp":"2025-12-02T07:55:07.711Z","event":"process","runtime":"opus67","totalMs":97.43,"detectMs":21.57,"skillsMs":16.57,"mcpsMs":13.04,"mode":"data","confidence":0.6666666666666666,"complexity":3,"skillsLoaded":2,"mcpsConnected":6}
{"timestamp":"2025-12-02T07:55:07.782Z","event":"boot","runtime":"opus67","durationMs":70.29,"mode":"auto","config":{"tokenBudget":50000,"maxSkills":5,"autoConnectMcps":true,"defaultMode":"auto","showBootScreen":true}}
{"timestamp":"2025-12-02T07:55:07.905Z","event":"process","runtime":"opus67","totalMs":120.77,"detectMs":22.83,"skillsMs":27.69,"mcpsMs":15.65,"mode":"vibe","confidence":1,"complexity":4,"skillsLoaded":4,"mcpsConnected":4}
{"timestamp":"2025-12-02T07:55:07.998Z","event":"boot","runtime":"opus67","durationMs":91.95,"mode":"vibe","config":{"tokenBudget":50000,"maxSkills":5,"autoConnectMcps":true,"defaultMode":"auto","showBootScreen":true}}
{"timestamp":"2025-12-02T07:56:24.628Z","event":"boot","runtime":"opus67","durationMs":83.32,"mode":"auto","config":{"tokenBudget":50000,"maxSkills":5,"autoConnectMcps":true,"defaultMode":"auto","showBootScreen":true}}
{"timestamp":"2025-12-02T07:56:24.740Z","event":"process","runtime":"opus67","totalMs":107.63,"detectMs":23.77,"skillsMs":21.82,"mcpsMs":14.34,"mode":"light","confidence":1,"complexity":1,"skillsLoaded":1,"mcpsConnected":3}
{"timestamp":"2025-12-02T07:56:24.804Z","event":"boot","runtime":"opus67","durationMs":63.39,"mode":"auto","config":{"tokenBudget":50000,"maxSkills":5,"autoConnectMcps":true,"defaultMode":"auto","showBootScreen":true}}
{"timestamp":"2025-12-02T07:56:24.901Z","event":"process","runtime":"opus67","totalMs":95.77,"detectMs":25.05,"skillsMs":20.68,"mcpsMs":9.62,"mode":"creative","confidence":1,"complexity":6,"skillsLoaded":5,"mcpsConnected":5}
{"timestamp":"2025-12-02T07:56:24.975Z","event":"boot","runtime":"opus67","durationMs":73.31,"mode":"auto","config":{"tokenBudget":50000,"maxSkills":5,"autoConnectMcps":true,"defaultMode":"auto","showBootScreen":true}}
{"timestamp":"2025-12-02T07:56:25.080Z","event":"process","runtime":"opus67","totalMs":103.62,"detectMs":19.58,"skillsMs":20.02,"mcpsMs":13.44,"mode":"build","confidence":1,"complexity":3,"skillsLoaded":4,"mcpsConnected":5}
{"timestamp":"2025-12-02T07:56:25.167Z","event":"boot","runtime":"opus67","durationMs":86.45,"mode":"auto","config":{"tokenBudget":50000,"maxSkills":5,"autoConnectMcps":true,"defaultMode":"auto","showBootScreen":true}}
{"timestamp":"2025-12-02T07:56:25.250Z","event":"process","runtime":"opus67","totalMs":82.32,"detectMs":19.55,"skillsMs":15.94,"mcpsMs":11.02,"mode":"data","confidence":0.6666666666666666,"complexity":3,"skillsLoaded":2,"mcpsConnected":6}
{"timestamp":"2025-12-02T07:56:25.327Z","event":"boot","runtime":"opus67","durationMs":75.48,"mode":"auto","config":{"tokenBudget":50000,"maxSkills":5,"autoConnectMcps":true,"defaultMode":"auto","showBootScreen":true}}
{"timestamp":"2025-12-02T07:56:25.434Z","event":"process","runtime":"opus67","totalMs":105.54,"detectMs":23.05,"skillsMs":18.82,"mcpsMs":14,"mode":"vibe","confidence":1,"complexity":4,"skillsLoaded":4,"mcpsConnected":4}
{"timestamp":"2025-12-02T07:56:25.509Z","event":"boot","runtime":"opus67","durationMs":73.81,"mode":"vibe","config":{"tokenBudget":50000,"maxSkills":5,"autoConnectMcps":true,"defaultMode":"auto","showBootScreen":true}}
{"timestamp":"2025-12-02T07:57:23.192Z","event":"boot","runtime":"opus67","durationMs":48.72,"mode":"auto","config":{"tokenBudget":50000,"maxSkills":5,"autoConnectMcps":true,"defaultMode":"auto","showBootScreen":true}}
{"timestamp":"2025-12-02T07:57:23.254Z","event":"process","runtime":"opus67","totalMs":59.62,"detectMs":13.1,"skillsMs":9.84,"mcpsMs":7.84,"mode":"light","confidence":1,"complexity":1,"skillsLoaded":1,"mcpsConnected":3}
{"timestamp":"2025-12-02T07:57:23.304Z","event":"boot","runtime":"opus67","durationMs":49.86,"mode":"auto","config":{"tokenBudget":50000,"maxSkills":5,"autoConnectMcps":true,"defaultMode":"auto","showBootScreen":true}}
{"timestamp":"2025-12-02T07:57:23.378Z","event":"process","runtime":"opus67","totalMs":72.11,"detectMs":18.83,"skillsMs":12.53,"mcpsMs":8.16,"mode":"creative","confidence":1,"complexity":6,"skillsLoaded":5,"mcpsConnected":5}
{"timestamp":"2025-12-02T07:57:23.434Z","event":"boot","runtime":"opus67","durationMs":55.26,"mode":"auto","config":{"tokenBudget":50000,"maxSkills":5,"autoConnectMcps":true,"defaultMode":"auto","showBootScreen":true}}
{"timestamp":"2025-12-02T07:57:23.499Z","event":"process","runtime":"opus67","totalMs":63.76,"detectMs":14.67,"skillsMs":11.73,"mcpsMs":8.21,"mode":"build","confidence":1,"complexity":3,"skillsLoaded":4,"mcpsConnected":5}
{"timestamp":"2025-12-02T07:57:23.556Z","event":"boot","runtime":"opus67","durationMs":56.39,"mode":"auto","config":{"tokenBudget":50000,"maxSkills":5,"autoConnectMcps":true,"defaultMode":"auto","showBootScreen":true}}
{"timestamp":"2025-12-02T07:57:23.618Z","event":"process","runtime":"opus67","totalMs":60.99,"detectMs":14.01,"skillsMs":11.13,"mcpsMs":8.22,"mode":"data","confidence":0.6666666666666666,"complexity":3,"skillsLoaded":2,"mcpsConnected":6}
{"timestamp":"2025-12-02T07:57:23.676Z","event":"boot","runtime":"opus67","durationMs":57.34,"mode":"auto","config":{"tokenBudget":50000,"maxSkills":5,"autoConnectMcps":true,"defaultMode":"auto","showBootScreen":true}}
{"timestamp":"2025-12-02T07:57:23.744Z","event":"process","runtime":"opus67","totalMs":66.68,"detectMs":13.95,"skillsMs":11.61,"mcpsMs":9.59,"mode":"vibe","confidence":1,"complexity":4,"skillsLoaded":4,"mcpsConnected":4}
{"timestamp":"2025-12-02T07:57:23.795Z","event":"boot","runtime":"opus67","durationMs":50.52,"mode":"vibe","config":{"tokenBudget":50000,"maxSkills":5,"autoConnectMcps":true,"defaultMode":"auto","showBootScreen":true}}
{"timestamp":"2025-12-02T07:57:51.780Z","event":"boot","runtime":"opus67","durationMs":54.11,"mode":"auto","config":{"tokenBudget":50000,"maxSkills":5,"autoConnectMcps":true,"defaultMode":"auto","showBootScreen":true}}
{"timestamp":"2025-12-02T07:57:51.850Z","event":"process","runtime":"opus67","totalMs":66.92,"detectMs":14.56,"skillsMs":14.38,"mcpsMs":7.64,"mode":"light","confidence":1,"complexity":1,"skillsLoaded":1,"mcpsConnected":3}
{"timestamp":"2025-12-02T07:57:51.900Z","event":"boot","runtime":"opus67","durationMs":50.16,"mode":"auto","config":{"tokenBudget":50000,"maxSkills":5,"autoConnectMcps":true,"defaultMode":"auto","showBootScreen":true}}
{"timestamp":"2025-12-02T07:57:51.965Z","event":"process","runtime":"opus67","totalMs":63.79,"detectMs":13.97,"skillsMs":12.32,"mcpsMs":9.27,"mode":"creative","confidence":1,"complexity":6,"skillsLoaded":5,"mcpsConnected":5}
{"timestamp":"2025-12-02T07:57:52.022Z","event":"boot","runtime":"opus67","durationMs":56.01,"mode":"auto","config":{"tokenBudget":50000,"maxSkills":5,"autoConnectMcps":true,"defaultMode":"auto","showBootScreen":true}}
{"timestamp":"2025-12-02T07:57:52.120Z","event":"process","runtime":"opus67","totalMs":96.64,"detectMs":19.01,"skillsMs":17.37,"mcpsMs":15.24,"mode":"build","confidence":1,"complexity":3,"skillsLoaded":4,"mcpsConnected":5}
{"timestamp":"2025-12-02T07:57:52.190Z","event":"boot","runtime":"opus67","durationMs":68.85,"mode":"auto","config":{"tokenBudget":50000,"maxSkills":5,"autoConnectMcps":true,"defaultMode":"auto","showBootScreen":true}}
{"timestamp":"2025-12-02T07:57:52.268Z","event":"process","runtime":"opus67","totalMs":76.54,"detectMs":19.8,"skillsMs":12.91,"mcpsMs":8.15,"mode":"data","confidence":0.6666666666666666,"complexity":3,"skillsLoaded":2,"mcpsConnected":6}
{"timestamp":"2025-12-02T07:57:52.323Z","event":"boot","runtime":"opus67","durationMs":54.91,"mode":"auto","config":{"tokenBudget":50000,"maxSkills":5,"autoConnectMcps":true,"defaultMode":"auto","showBootScreen":true}}
{"timestamp":"2025-12-02T07:57:52.404Z","event":"process","runtime":"opus67","totalMs":79.17,"detectMs":20.06,"skillsMs":13.22,"mcpsMs":9.63,"mode":"vibe","confidence":1,"complexity":4,"skillsLoaded":4,"mcpsConnected":4}
{"timestamp":"2025-12-02T07:57:52.472Z","event":"boot","runtime":"opus67","durationMs":67.05,"mode":"vibe","config":{"tokenBudget":50000,"maxSkills":5,"autoConnectMcps":true,"defaultMode":"auto","showBootScreen":true}}
{"timestamp":"2025-12-08T04:18:18.586Z","event":"boot","runtime":"opus67","durationMs":63.89,"mode":"auto","config":{"tokenBudget":50000,"maxSkills":5,"autoConnectMcps":true,"defaultMode":"auto","showBootScreen":true}}
{"timestamp":"2025-12-08T04:18:18.651Z","event":"boot","runtime":"opus67","durationMs":64.26,"mode":"auto","config":{"tokenBudget":50000,"maxSkills":5,"autoConnectMcps":true,"defaultMode":"auto","showBootScreen":true}}
{"timestamp":"2025-12-08T04:18:18.713Z","event":"boot","runtime":"opus67","durationMs":60.91,"mode":"auto","config":{"tokenBudget":50000,"maxSkills":5,"autoConnectMcps":true,"defaultMode":"auto","showBootScreen":true}}
{"timestamp":"2025-12-08T04:18:18.774Z","event":"boot","runtime":"opus67","durationMs":60.03,"mode":"auto","config":{"tokenBudget":50000,"maxSkills":5,"autoConnectMcps":true,"defaultMode":"auto","showBootScreen":true}}
{"timestamp":"2025-12-08T04:18:18.835Z","event":"boot","runtime":"opus67","durationMs":60.88,"mode":"auto","config":{"tokenBudget":50000,"maxSkills":5,"autoConnectMcps":true,"defaultMode":"auto","showBootScreen":true}}
{"timestamp":"2025-12-08T04:18:18.893Z","event":"boot","runtime":"opus67","durationMs":57.27,"mode":"auto","config":{"tokenBudget":50000,"maxSkills":5,"autoConnectMcps":true,"defaultMode":"auto","showBootScreen":true}}
{"timestamp":"2025-12-08T04:18:18.951Z","event":"boot","runtime":"opus67","durationMs":56.9,"mode":"auto","config":{"tokenBudget":50000,"maxSkills":5,"autoConnectMcps":true,"defaultMode":"auto","showBootScreen":true}}
{"timestamp":"2025-12-08T04:18:19.010Z","event":"boot","runtime":"opus67","durationMs":58.56,"mode":"auto","config":{"tokenBudget":50000,"maxSkills":5,"autoConnectMcps":true,"defaultMode":"auto","showBootScreen":true}}
{"timestamp":"2025-12-08T04:18:19.071Z","event":"boot","runtime":"opus67","durationMs":60.33,"mode":"auto","config":{"tokenBudget":50000,"maxSkills":5,"autoConnectMcps":true,"defaultMode":"auto","showBootScreen":true}}
{"timestamp":"2025-12-08T04:18:19.133Z","event":"boot","runtime":"opus67","durationMs":61,"mode":"auto","config":{"tokenBudget":50000,"maxSkills":5,"autoConnectMcps":true,"defaultMode":"auto","showBootScreen":true}}
{"timestamp":"2025-12-08T04:18:19.151Z","event":"boot","runtime":"opus67","durationMs":56.97,"mode":"auto","config":{"tokenBudget":50000,"maxSkills":5,"autoConnectMcps":true,"defaultMode":"auto","showBootScreen":true}}
{"timestamp":"2025-12-08T04:18:19.212Z","event":"process","runtime":"opus67","totalMs":58.04,"detectMs":0.43,"skillsMs":29.38,"mcpsMs":27.98,"mode":"light","confidence":1,"complexity":1,"skillsLoaded":2,"mcpsConnected":3}
{"timestamp":"2025-12-08T04:18:19.269Z","event":"boot","runtime":"opus67","durationMs":56.44,"mode":"auto","config":{"tokenBudget":50000,"maxSkills":5,"autoConnectMcps":true,"defaultMode":"auto","showBootScreen":true}}
{"timestamp":"2025-12-08T04:18:19.327Z","event":"process","runtime":"opus67","totalMs":57.48,"detectMs":0.1,"skillsMs":29.09,"mcpsMs":28.05,"mode":"creative","confidence":1,"complexity":6,"skillsLoaded":5,"mcpsConnected":4}
{"timestamp":"2025-12-08T04:18:19.382Z","event":"boot","runtime":"opus67","durationMs":54.62,"mode":"auto","config":{"tokenBudget":50000,"maxSkills":5,"autoConnectMcps":true,"defaultMode":"auto","showBootScreen":true}}
{"timestamp":"2025-12-08T04:18:19.437Z","event":"process","runtime":"opus67","totalMs":53.97,"detectMs":0.11,"skillsMs":26.8,"mcpsMs":26.96,"mode":"build","confidence":1,"complexity":3,"skillsLoaded":4,"mcpsConnected":3}
{"timestamp":"2025-12-08T04:18:19.501Z","event":"boot","runtime":"opus67","durationMs":63.1,"mode":"auto","config":{"tokenBudget":50000,"maxSkills":5,"autoConnectMcps":true,"defaultMode":"auto","showBootScreen":true}}
{"timestamp":"2025-12-08T04:18:19.561Z","event":"process","runtime":"opus67","totalMs":58.3,"detectMs":0.2,"skillsMs":30.22,"mcpsMs":27.75,"mode":"data","confidence":0.6666666666666666,"complexity":3,"skillsLoaded":3,"mcpsConnected":6}
{"timestamp":"2025-12-08T04:18:19.621Z","event":"boot","runtime":"opus67","durationMs":59.34,"mode":"auto","config":{"tokenBudget":50000,"maxSkills":5,"autoConnectMcps":true,"defaultMode":"auto","showBootScreen":true}}
{"timestamp":"2025-12-08T04:18:19.686Z","event":"process","runtime":"opus67","totalMs":63.88,"detectMs":0.03,"skillsMs":36.57,"mcpsMs":27.21,"mode":"vibe","confidence":1,"complexity":4,"skillsLoaded":4,"mcpsConnected":4}
{"timestamp":"2025-12-08T04:18:19.741Z","event":"boot","runtime":"opus67","durationMs":53.49,"mode":"vibe","config":{"tokenBudget":50000,"maxSkills":5,"autoConnectMcps":true,"defaultMode":"auto","showBootScreen":true}}
{"timestamp":"2025-12-08T04:18:20.442Z","event":"process","runtime":"opus67","totalMs":56.47,"detectMs":0.3,"skillsMs":28.5,"mcpsMs":27.18,"mode":"build","confidence":1,"complexity":4,"skillsLoaded":5,"mcpsConnected":5}
{"timestamp":"2025-12-08T04:18:20.499Z","event":"process","runtime":"opus67","totalMs":56.53,"detectMs":0.11,"skillsMs":27.29,"mcpsMs":28.75,"mode":"build","confidence":1,"complexity":4,"skillsLoaded":5,"mcpsConnected":5}
{"timestamp":"2025-12-08T04:18:20.556Z","event":"process","runtime":"opus67","totalMs":56.62,"detectMs":0.15,"skillsMs":28.67,"mcpsMs":27.66,"mode":"build","confidence":0.5,"complexity":3,"skillsLoaded":5,"mcpsConnected":8}
{"timestamp":"2025-12-08T04:18:20.611Z","event":"process","runtime":"opus67","totalMs":54.76,"detectMs":0.1,"skillsMs":28.94,"mcpsMs":25.62,"mode":"build","confidence":0.5,"complexity":3,"skillsLoaded":5,"mcpsConnected":8}
{"timestamp":"2025-12-08T04:18:20.667Z","event":"process","runtime":"opus67","totalMs":55.55,"detectMs":0.11,"skillsMs":28.38,"mcpsMs":26.96,"mode":"think","confidence":0.6666666666666666,"complexity":4,"skillsLoaded":5,"mcpsConnected":7}
{"timestamp":"2025-12-08T04:18:20.724Z","event":"process","runtime":"opus67","totalMs":56.11,"detectMs":0.12,"skillsMs":27.47,"mcpsMs":28.43,"mode":"think","confidence":0.6666666666666666,"complexity":4,"skillsLoaded":5,"mcpsConnected":7}
{"timestamp":"2025-12-08T04:18:20.781Z","event":"process","runtime":"opus67","totalMs":56.49,"detectMs":0.1,"skillsMs":27.52,"mcpsMs":28.77,"mode":"light","confidence":0.5,"complexity":2,"skillsLoaded":5,"mcpsConnected":7}
{"timestamp":"2025-12-08T04:18:20.837Z","event":"process","runtime":"opus67","totalMs":55.5,"detectMs":0.1,"skillsMs":27.42,"mcpsMs":27.65,"mode":"light","confidence":0.5,"complexity":2,"skillsLoaded":5,"mcpsConnected":7}
{"timestamp":"2025-12-08T04:18:20.895Z","event":"process","runtime":"opus67","totalMs":56.97,"detectMs":0.18,"skillsMs":29.11,"mcpsMs":27.5,"mode":"light","confidence":0.5,"complexity":2,"skillsLoaded":5,"mcpsConnected":5}
{"timestamp":"2025-12-08T04:18:20.954Z","event":"process","runtime":"opus67","totalMs":58.58,"detectMs":0.1,"skillsMs":26.5,"mcpsMs":31.86,"mode":"light","confidence":0.5,"complexity":2,"skillsLoaded":5,"mcpsConnected":5}
{"timestamp":"2025-12-08T04:18:21.914Z","event":"process","runtime":"opus67","totalMs":66.87,"detectMs":0.1,"skillsMs":28.5,"mcpsMs":38.16,"mode":"build","confidence":1,"complexity":3,"skillsLoaded":5,"mcpsConnected":7}
{"timestamp":"2025-12-08T04:18:21.969Z","event":"process","runtime":"opus67","totalMs":54.45,"detectMs":0.19,"skillsMs":27.27,"mcpsMs":26.93,"mode":"think","confidence":0.6666666666666666,"complexity":3,"skillsLoaded":4,"mcpsConnected":6}
{"timestamp":"2025-12-08T04:18:22.027Z","event":"process","runtime":"opus67","totalMs":57.07,"detectMs":0.2,"skillsMs":26.93,"mcpsMs":29.85,"mode":"creative","confidence":1,"complexity":3,"skillsLoaded":5,"mcpsConnected":5}
{"timestamp":"2025-12-08T04:18:22.093Z","event":"process","runtime":"opus67","totalMs":65.8,"detectMs":0.1,"skillsMs":27.63,"mcpsMs":37.94,"mode":"think","confidence":0.6666666666666666,"complexity":3,"skillsLoaded":5,"mcpsConnected":5}
{"timestamp":"2025-12-08T04:18:22.151Z","event":"process","runtime":"opus67","totalMs":57.36,"detectMs":0.18,"skillsMs":31.79,"mcpsMs":25.33,"mode":"build","confidence":1,"complexity":3,"skillsLoaded":5,"mcpsConnected":7}
{"timestamp":"2025-12-08T04:18:22.205Z","event":"process","runtime":"opus67","totalMs":53.68,"detectMs":0.09,"skillsMs":26.83,"mcpsMs":26.66,"mode":"think","confidence":0.6666666666666666,"complexity":3,"skillsLoaded":4,"mcpsConnected":6}
{"timestamp":"2025-12-08T04:18:22.261Z","event":"process","runtime":"opus67","totalMs":54.74,"detectMs":0.12,"skillsMs":28.03,"mcpsMs":26.53,"mode":"creative","confidence":1,"complexity":3,"skillsLoaded":5,"mcpsConnected":5}
{"timestamp":"2025-12-08T04:18:22.314Z","event":"process","runtime":"opus67","totalMs":52.65,"detectMs":0.11,"skillsMs":26.59,"mcpsMs":25.9,"mode":"think","confidence":0.6666666666666666,"complexity":3,"skillsLoaded":5,"mcpsConnected":5}
{"timestamp":"2025-12-08T04:18:22.370Z","event":"boot","runtime":"opus67","durationMs":54.53,"mode":"auto","config":{"tokenBudget":50000,"maxSkills":5,"autoConnectMcps":true,"defaultMode":"auto","showBootScreen":true}}
{"timestamp":"2025-12-08T04:18:22.482Z","event":"process","runtime":"opus67","totalMs":55.82,"detectMs":0.09,"skillsMs":28.7,"mcpsMs":26.96,"mode":"build","confidence":1,"complexity":5,"skillsLoaded":5,"mcpsConnected":5}
{"timestamp":"2025-12-08T04:18:22.541Z","event":"process","runtime":"opus67","totalMs":58.51,"detectMs":0.09,"skillsMs":29.84,"mcpsMs":28.5,"mode":"build","confidence":0.75,"complexity":4,"skillsLoaded":5,"mcpsConnected":7}
{"timestamp":"2025-12-08T04:18:22.596Z","event":"process","runtime":"opus67","totalMs":54.23,"detectMs":0.1,"skillsMs":28.4,"mcpsMs":25.66,"mode":"build","confidence":0.5,"complexity":3,"skillsLoaded":5,"mcpsConnected":6}
{"timestamp":"2025-12-08T04:18:22.653Z","event":"process","runtime":"opus67","totalMs":56.3,"detectMs":0.1,"skillsMs":28.25,"mcpsMs":27.88,"mode":"audit","confidence":1,"complexity":5,"skillsLoaded":5,"mcpsConnected":6}
{"timestamp":"2025-12-08T04:18:22.711Z","event":"process","runtime":"opus67","totalMs":57.43,"detectMs":0.11,"skillsMs":29.09,"mcpsMs":28.17,"mode":"build","confidence":0.5,"complexity":3,"skillsLoaded":5,"mcpsConnected":6}
{"timestamp":"2025-12-08T04:18:22.766Z","event":"process","runtime":"opus67","totalMs":54.71,"detectMs":0.11,"skillsMs":27.99,"mcpsMs":26.55,"mode":"build","confidence":1,"complexity":5,"skillsLoaded":5,"mcpsConnected":5}
{"timestamp":"2025-12-08T04:18:22.822Z","event":"process","runtime":"opus67","totalMs":55.78,"detectMs":0.11,"skillsMs":28.78,"mcpsMs":26.81,"mode":"build","confidence":0.75,"complexity":4,"skillsLoaded":5,"mcpsConnected":7}
{"timestamp":"2025-12-08T04:18:22.884Z","event":"process","runtime":"opus67","totalMs":60.84,"detectMs":0.1,"skillsMs":32.77,"mcpsMs":27.88,"mode":"build","confidence":0.5,"complexity":3,"skillsLoaded":5,"mcpsConnected":6}
{"timestamp":"2025-12-08T04:18:22.938Z","event":"process","runtime":"opus67","totalMs":53.61,"detectMs":0.12,"skillsMs":27.16,"mcpsMs":26.28,"mode":"audit","confidence":1,"complexity":5,"skillsLoaded":5,"mcpsConnected":6}
{"timestamp":"2025-12-08T04:18:22.996Z","event":"process","runtime":"opus67","totalMs":57.37,"detectMs":0.1,"skillsMs":28.23,"mcpsMs":28.94,"mode":"build","confidence":0.5,"complexity":3,"skillsLoaded":5,"mcpsConnected":6}
{"timestamp":"2025-12-08T04:18:23.051Z","event":"process","runtime":"opus67","totalMs":54.47,"detectMs":0.11,"skillsMs":27.9,"mcpsMs":26.38,"mode":"build","confidence":1,"complexity":5,"skillsLoaded":5,"mcpsConnected":5}
{"timestamp":"2025-12-08T04:18:23.105Z","event":"process","runtime":"opus67","totalMs":53.94,"detectMs":0.11,"skillsMs":28.04,"mcpsMs":25.72,"mode":"build","confidence":0.75,"complexity":4,"skillsLoaded":5,"mcpsConnected":7}
{"timestamp":"2025-12-08T04:18:23.160Z","event":"process","runtime":"opus67","totalMs":54.04,"detectMs":0.09,"skillsMs":27.03,"mcpsMs":26.79,"mode":"build","confidence":0.5,"complexity":3,"skillsLoaded":5,"mcpsConnected":6}
{"timestamp":"2025-12-08T04:18:23.216Z","event":"process","runtime":"opus67","totalMs":55.56,"detectMs":0.09,"skillsMs":28.73,"mcpsMs":26.68,"mode":"audit","confidence":1,"complexity":5,"skillsLoaded":5,"mcpsConnected":6}
{"timestamp":"2025-12-08T04:18:23.270Z","event":"process","runtime":"opus67","totalMs":53.7,"detectMs":0.1,"skillsMs":28.52,"mcpsMs":25.01,"mode":"build","confidence":0.5,"complexity":3,"skillsLoaded":5,"mcpsConnected":6}
{"timestamp":"2025-12-08T04:18:23.323Z","event":"process","runtime":"opus67","totalMs":52.53,"detectMs":0.12,"skillsMs":26.35,"mcpsMs":25.99,"mode":"build","confidence":1,"complexity":5,"skillsLoaded":5,"mcpsConnected":5}
{"timestamp":"2025-12-08T04:18:23.380Z","event":"process","runtime":"opus67","totalMs":56.19,"detectMs":0.1,"skillsMs":28.46,"mcpsMs":27.54,"mode":"build","confidence":0.75,"complexity":4,"skillsLoaded":5,"mcpsConnected":7}
{"timestamp":"2025-12-08T04:18:23.435Z","event":"process","runtime":"opus67","totalMs":54.83,"detectMs":0.11,"skillsMs":27.54,"mcpsMs":27.1,"mode":"build","confidence":0.5,"complexity":3,"skillsLoaded":5,"mcpsConnected":6}
{"timestamp":"2025-12-08T04:18:23.492Z","event":"process","runtime":"opus67","totalMs":55.81,"detectMs":0.15,"skillsMs":28.04,"mcpsMs":27.55,"mode":"audit","confidence":1,"complexity":5,"skillsLoaded":5,"mcpsConnected":6}
{"timestamp":"2025-12-08T04:18:23.552Z","event":"process","runtime":"opus67","totalMs":59.76,"detectMs":0.09,"skillsMs":31.45,"mcpsMs":28.1,"mode":"build","confidence":0.5,"complexity":3,"skillsLoaded":5,"mcpsConnected":6}
{"timestamp":"2025-12-08T04:18:23.610Z","event":"process","runtime":"opus67","totalMs":56.87,"detectMs":0.11,"skillsMs":29.67,"mcpsMs":27.02,"mode":"build","confidence":1,"complexity":5,"skillsLoaded":5,"mcpsConnected":5}
{"timestamp":"2025-12-08T04:18:23.665Z","event":"process","runtime":"opus67","totalMs":55.02,"detectMs":0.1,"skillsMs":27.69,"mcpsMs":27.17,"mode":"build","confidence":0.75,"complexity":4,"skillsLoaded":5,"mcpsConnected":7}
{"timestamp":"2025-12-08T04:18:23.722Z","event":"process","runtime":"opus67","totalMs":56.35,"detectMs":0.1,"skillsMs":27.15,"mcpsMs":29.04,"mode":"build","confidence":0.5,"complexity":3,"skillsLoaded":5,"mcpsConnected":6}
{"timestamp":"2025-12-08T04:18:23.783Z","event":"process","runtime":"opus67","totalMs":60.11,"detectMs":0.12,"skillsMs":32.39,"mcpsMs":27.51,"mode":"audit","confidence":1,"complexity":5,"skillsLoaded":5,"mcpsConnected":6}
{"timestamp":"2025-12-08T04:18:23.838Z","event":"process","runtime":"opus67","totalMs":54.56,"detectMs":0.16,"skillsMs":27.9,"mcpsMs":26.43,"mode":"build","confidence":0.5,"complexity":3,"skillsLoaded":5,"mcpsConnected":6}
{"timestamp":"2025-12-08T04:18:23.895Z","event":"process","runtime":"opus67","totalMs":55.9,"detectMs":0.09,"skillsMs":27.79,"mcpsMs":27.96,"mode":"build","confidence":1,"complexity":5,"skillsLoaded":5,"mcpsConnected":2}
{"timestamp":"2025-12-08T04:18:23.952Z","event":"process","runtime":"opus67","totalMs":57.1,"detectMs":0.09,"skillsMs":29.84,"mcpsMs":27.13,"mode":"build","confidence":1,"complexity":5,"skillsLoaded":5,"mcpsConnected":2}
{"timestamp":"2025-12-08T04:18:24.008Z","event":"process","runtime":"opus67","totalMs":55,"detectMs":0.09,"skillsMs":26.85,"mcpsMs":28.02,"mode":"build","confidence":1,"complexity":5,"skillsLoaded":5,"mcpsConnected":2}
{"timestamp":"2025-12-08T04:18:24.063Z","event":"process","runtime":"opus67","totalMs":55.1,"detectMs":0.1,"skillsMs":29.3,"mcpsMs":25.65,"mode":"build","confidence":1,"complexity":5,"skillsLoaded":5,"mcpsConnected":2}
{"timestamp":"2025-12-08T04:18:24.119Z","event":"process","runtime":"opus67","totalMs":55.17,"detectMs":0.1,"skillsMs":28.43,"mcpsMs":26.6,"mode":"build","confidence":1,"complexity":5,"skillsLoaded":5,"mcpsConnected":2}
{"timestamp":"2025-12-08T04:18:24.179Z","event":"process","runtime":"opus67","totalMs":58.99,"detectMs":0.08,"skillsMs":27.03,"mcpsMs":31.8,"mode":"build","confidence":1,"complexity":5,"skillsLoaded":5,"mcpsConnected":2}
{"timestamp":"2025-12-08T04:18:24.234Z","event":"process","runtime":"opus67","totalMs":54.74,"detectMs":0.16,"skillsMs":28.26,"mcpsMs":26.28,"mode":"build","confidence":1,"complexity":5,"skillsLoaded":5,"mcpsConnected":2}
{"timestamp":"2025-12-08T04:18:24.289Z","event":"process","runtime":"opus67","totalMs":54.51,"detectMs":0.09,"skillsMs":27.17,"mcpsMs":27.2,"mode":"build","confidence":1,"complexity":5,"skillsLoaded":5,"mcpsConnected":2}
{"timestamp":"2025-12-08T04:18:24.345Z","event":"process","runtime":"opus67","totalMs":55.38,"detectMs":0.1,"skillsMs":27.96,"mcpsMs":27.28,"mode":"build","confidence":1,"complexity":5,"skillsLoaded":5,"mcpsConnected":2}
{"timestamp":"2025-12-08T04:18:24.403Z","event":"process","runtime":"opus67","totalMs":57.94,"detectMs":0.08,"skillsMs":27.93,"mcpsMs":29.87,"mode":"build","confidence":1,"complexity":5,"skillsLoaded":5,"mcpsConnected":2}
{"timestamp":"2025-12-08T04:18:24.459Z","event":"process","runtime":"opus67","totalMs":55.21,"detectMs":0.09,"skillsMs":27.59,"mcpsMs":27.48,"mode":"build","confidence":1,"complexity":5,"skillsLoaded":5,"mcpsConnected":2}
{"timestamp":"2025-12-08T04:18:24.514Z","event":"process","runtime":"opus67","totalMs":54.46,"detectMs":0.13,"skillsMs":27.72,"mcpsMs":26.56,"mode":"build","confidence":1,"complexity":5,"skillsLoaded":5,"mcpsConnected":2}
{"timestamp":"2025-12-08T04:18:24.570Z","event":"process","runtime":"opus67","totalMs":54.91,"detectMs":0.11,"skillsMs":28.05,"mcpsMs":26.69,"mode":"build","confidence":1,"complexity":5,"skillsLoaded":5,"mcpsConnected":2}
{"timestamp":"2025-12-08T04:18:24.631Z","event":"process","runtime":"opus67","totalMs":60.48,"detectMs":0.09,"skillsMs":28.73,"mcpsMs":31.6,"mode":"build","confidence":1,"complexity":5,"skillsLoaded":5,"mcpsConnected":2}
{"timestamp":"2025-12-08T04:18:24.687Z","event":"process","runtime":"opus67","totalMs":56.12,"detectMs":0.15,"skillsMs":29.87,"mcpsMs":26.06,"mode":"build","confidence":1,"complexity":5,"skillsLoaded":5,"mcpsConnected":2}
{"timestamp":"2025-12-08T04:18:24.743Z","event":"process","runtime":"opus67","totalMs":55.11,"detectMs":0.09,"skillsMs":27.9,"mcpsMs":27.08,"mode":"build","confidence":1,"complexity":5,"skillsLoaded":5,"mcpsConnected":2}
{"timestamp":"2025-12-08T04:18:24.803Z","event":"process","runtime":"opus67","totalMs":59.99,"detectMs":0.11,"skillsMs":30.19,"mcpsMs":29.65,"mode":"build","confidence":1,"complexity":5,"skillsLoaded":5,"mcpsConnected":2}
{"timestamp":"2025-12-08T04:18:24.857Z","event":"process","runtime":"opus67","totalMs":53.19,"detectMs":0.09,"skillsMs":26.67,"mcpsMs":26.38,"mode":"build","confidence":1,"complexity":5,"skillsLoaded":5,"mcpsConnected":2}
{"timestamp":"2025-12-08T04:18:24.913Z","event":"process","runtime":"opus67","totalMs":55.07,"detectMs":0.1,"skillsMs":29.09,"mcpsMs":25.84,"mode":"build","confidence":1,"complexity":5,"skillsLoaded":5,"mcpsConnected":2}
{"timestamp":"2025-12-08T04:18:24.967Z","event":"process","runtime":"opus67","totalMs":53.61,"detectMs":0.13,"skillsMs":26.38,"mcpsMs":27.04,"mode":"build","confidence":1,"complexity":5,"skillsLoaded":5,"mcpsConnected":2}
{"timestamp":"2025-12-08T04:18:25.023Z","event":"process","runtime":"opus67","totalMs":55.94,"detectMs":0.1,"skillsMs":28.91,"mcpsMs":26.88,"mode":"build","confidence":1,"complexity":5,"skillsLoaded":5,"mcpsConnected":2}
{"timestamp":"2025-12-08T04:18:25.080Z","event":"process","runtime":"opus67","totalMs":55.61,"detectMs":0.09,"skillsMs":28.22,"mcpsMs":27.25,"mode":"build","confidence":1,"complexity":5,"skillsLoaded":5,"mcpsConnected":2}
{"timestamp":"2025-12-08T04:18:25.137Z","event":"process","runtime":"opus67","totalMs":56.93,"detectMs":0.11,"skillsMs":30.23,"mcpsMs":26.54,"mode":"build","confidence":1,"complexity":5,"skillsLoaded":5,"mcpsConnected":2}
{"timestamp":"2025-12-08T04:18:25.190Z","event":"process","runtime":"opus67","totalMs":52.08,"detectMs":0.09,"skillsMs":25.81,"mcpsMs":26.13,"mode":"build","confidence":1,"complexity":5,"skillsLoaded":5,"mcpsConnected":2}
{"timestamp":"2025-12-08T04:18:25.245Z","event":"process","runtime":"opus67","totalMs":54.71,"detectMs":0.14,"skillsMs":27.68,"mcpsMs":26.85,"mode":"build","confidence":1,"complexity":5,"skillsLoaded":5,"mcpsConnected":2}
{"timestamp":"2025-12-08T04:18:25.301Z","event":"process","runtime":"opus67","totalMs":55.19,"detectMs":0.1,"skillsMs":27.51,"mcpsMs":27.54,"mode":"build","confidence":1,"complexity":5,"skillsLoaded":5,"mcpsConnected":2}
{"timestamp":"2025-12-08T04:18:25.356Z","event":"process","runtime":"opus67","totalMs":55.14,"detectMs":0.09,"skillsMs":27.76,"mcpsMs":27.25,"mode":"build","confidence":1,"complexity":5,"skillsLoaded":5,"mcpsConnected":2}
{"timestamp":"2025-12-08T04:18:25.412Z","event":"process","runtime":"opus67","totalMs":55.22,"detectMs":0.1,"skillsMs":27.78,"mcpsMs":27.2,"mode":"build","confidence":1,"complexity":5,"skillsLoaded":5,"mcpsConnected":2}
{"timestamp":"2025-12-08T04:18:25.478Z","event":"process","runtime":"opus67","totalMs":65.44,"detectMs":0.16,"skillsMs":28.57,"mcpsMs":36.67,"mode":"build","confidence":1,"complexity":5,"skillsLoaded":5,"mcpsConnected":2}
{"timestamp":"2025-12-08T04:18:25.545Z","event":"process","runtime":"opus67","totalMs":66.8,"detectMs":0.11,"skillsMs":36.13,"mcpsMs":30.48,"mode":"build","confidence":1,"complexity":5,"skillsLoaded":5,"mcpsConnected":2}
{"timestamp":"2025-12-09T06:20:00.940Z","event":"boot","runtime":"opus67","durationMs":100.23,"mode":"auto","config":{"tokenBudget":50000,"maxSkills":5,"autoConnectMcps":true,"defaultMode":"auto","showBootScreen":true}}
{"timestamp":"2025-12-09T06:20:01.059Z","event":"boot","runtime":"opus67","durationMs":116.93,"mode":"auto","config":{"tokenBudget":50000,"maxSkills":5,"autoConnectMcps":true,"defaultMode":"auto","showBootScreen":true}}
{"timestamp":"2025-12-09T06:20:01.171Z","event":"boot","runtime":"opus67","durationMs":111.52,"mode":"auto","config":{"tokenBudget":50000,"maxSkills":5,"autoConnectMcps":true,"defaultMode":"auto","showBootScreen":true}}
{"timestamp":"2025-12-09T06:20:01.269Z","event":"boot","runtime":"opus67","durationMs":97.08,"mode":"auto","config":{"tokenBudget":50000,"maxSkills":5,"autoConnectMcps":true,"defaultMode":"auto","showBootScreen":true}}
{"timestamp":"2025-12-09T06:20:01.385Z","event":"boot","runtime":"opus67","durationMs":114.53,"mode":"auto","config":{"tokenBudget":50000,"maxSkills":5,"autoConnectMcps":true,"defaultMode":"auto","showBootScreen":true}}
{"timestamp":"2025-12-09T06:20:01.477Z","event":"boot","runtime":"opus67","durationMs":91.94,"mode":"auto","config":{"tokenBudget":50000,"maxSkills":5,"autoConnectMcps":true,"defaultMode":"auto","showBootScreen":true}}
{"timestamp":"2025-12-09T06:20:01.592Z","event":"boot","runtime":"opus67","durationMs":113.66,"mode":"auto","config":{"tokenBudget":50000,"maxSkills":5,"autoConnectMcps":true,"defaultMode":"auto","showBootScreen":true}}
{"timestamp":"2025-12-09T06:20:01.686Z","event":"boot","runtime":"opus67","durationMs":92.75,"mode":"auto","config":{"tokenBudget":50000,"maxSkills":5,"autoConnectMcps":true,"defaultMode":"auto","showBootScreen":true}}
{"timestamp":"2025-12-09T06:20:01.805Z","event":"boot","runtime":"opus67","durationMs":118.55,"mode":"auto","config":{"tokenBudget":50000,"maxSkills":5,"autoConnectMcps":true,"defaultMode":"auto","showBootScreen":true}}
{"timestamp":"2025-12-09T06:20:01.921Z","event":"boot","runtime":"opus67","durationMs":113.22,"mode":"auto","config":{"tokenBudget":50000,"maxSkills":5,"autoConnectMcps":true,"defaultMode":"auto","showBootScreen":true}}
{"timestamp":"2025-12-09T06:20:01.981Z","event":"boot","runtime":"opus67","durationMs":97.72,"mode":"auto","config":{"tokenBudget":50000,"maxSkills":5,"autoConnectMcps":true,"defaultMode":"auto","showBootScreen":true}}
{"timestamp":"2025-12-09T06:20:02.086Z","event":"process","runtime":"opus67","totalMs":101.51,"detectMs":0.15,"skillsMs":47.05,"mcpsMs":53.81,"mode":"light","confidence":1,"complexity":1,"skillsLoaded":2,"mcpsConnected":3}
{"timestamp":"2025-12-09T06:20:02.186Z","event":"boot","runtime":"opus67","durationMs":98.65,"mode":"auto","config":{"tokenBudget":50000,"maxSkills":5,"autoConnectMcps":true,"defaultMode":"auto","showBootScreen":true}}
{"timestamp":"2025-12-09T06:20:02.289Z","event":"process","runtime":"opus67","totalMs":101.64,"detectMs":0.18,"skillsMs":50.98,"mcpsMs":50.2,"mode":"creative","confidence":1,"complexity":6,"skillsLoaded":5,"mcpsConnected":4}
{"timestamp":"2025-12-09T06:20:02.380Z","event":"boot","runtime":"opus67","durationMs":90.99,"mode":"auto","config":{"tokenBudget":50000,"maxSkills":5,"autoConnectMcps":true,"defaultMode":"auto","showBootScreen":true}}
{"timestamp":"2025-12-09T06:20:02.477Z","event":"process","runtime":"opus67","totalMs":95.53,"detectMs":0.15,"skillsMs":48.37,"mcpsMs":46.84,"mode":"build","confidence":1,"complexity":3,"skillsLoaded":4,"mcpsConnected":3}
{"timestamp":"2025-12-09T06:20:02.558Z","event":"boot","runtime":"opus67","durationMs":79.79,"mode":"auto","config":{"tokenBudget":50000,"maxSkills":5,"autoConnectMcps":true,"defaultMode":"auto","showBootScreen":true}}
{"timestamp":"2025-12-09T06:20:02.652Z","event":"process","runtime":"opus67","totalMs":92.98,"detectMs":0.14,"skillsMs":46.93,"mcpsMs":45.74,"mode":"data","confidence":0.6666666666666666,"complexity":3,"skillsLoaded":3,"mcpsConnected":6}
{"timestamp":"2025-12-09T06:20:02.754Z","event":"boot","runtime":"opus67","durationMs":101.14,"mode":"auto","config":{"tokenBudget":50000,"maxSkills":5,"autoConnectMcps":true,"defaultMode":"auto","showBootScreen":true}}
{"timestamp":"2025-12-09T06:20:02.857Z","event":"process","runtime":"opus67","totalMs":100.62,"detectMs":0.05,"skillsMs":51.76,"mcpsMs":48.69,"mode":"vibe","confidence":1,"complexity":4,"skillsLoaded":4,"mcpsConnected":4}
{"timestamp":"2025-12-09T06:20:02.954Z","event":"boot","runtime":"opus67","durationMs":96.74,"mode":"vibe","config":{"tokenBudget":50000,"maxSkills":5,"autoConnectMcps":true,"defaultMode":"auto","showBootScreen":true}}
{"timestamp":"2025-12-09T06:20:04.047Z","event":"process","runtime":"opus67","totalMs":86.95,"detectMs":0.22,"skillsMs":45.54,"mcpsMs":40.52,"mode":"build","confidence":1,"complexity":4,"skillsLoaded":5,"mcpsConnected":5}
{"timestamp":"2025-12-09T06:20:04.135Z","event":"process","runtime":"opus67","totalMs":87.71,"detectMs":0.15,"skillsMs":43.34,"mcpsMs":43.82,"mode":"build","confidence":1,"complexity":4,"skillsLoaded":5,"mcpsConnected":5}
{"timestamp":"2025-12-09T06:20:04.224Z","event":"process","runtime":"opus67","totalMs":88.23,"detectMs":0.15,"skillsMs":43.65,"mcpsMs":44.23,"mode":"build","confidence":0.5,"complexity":3,"skillsLoaded":5,"mcpsConnected":8}
{"timestamp":"2025-12-09T06:20:04.326Z","event":"process","runtime":"opus67","totalMs":101.46,"detectMs":0.16,"skillsMs":50.07,"mcpsMs":51.11,"mode":"build","confidence":0.5,"complexity":3,"skillsLoaded":5,"mcpsConnected":8}
{"timestamp":"2025-12-09T06:20:04.429Z","event":"process","runtime":"opus67","totalMs":102.52,"detectMs":0.19,"skillsMs":51.88,"mcpsMs":50.33,"mode":"think","confidence":0.6666666666666666,"complexity":4,"skillsLoaded":5,"mcpsConnected":7}
{"timestamp":"2025-12-09T06:20:04.523Z","event":"process","runtime":"opus67","totalMs":93.34,"detectMs":0.14,"skillsMs":50.83,"mcpsMs":42.26,"mode":"think","confidence":0.6666666666666666,"complexity":4,"skillsLoaded":5,"mcpsConnected":7}
{"timestamp":"2025-12-09T06:20:04.610Z","event":"process","runtime":"opus67","totalMs":86.37,"detectMs":0.13,"skillsMs":43.77,"mcpsMs":42.35,"mode":"light","confidence":0.5,"complexity":2,"skillsLoaded":5,"mcpsConnected":7}
{"timestamp":"2025-12-09T06:20:04.697Z","event":"process","runtime":"opus67","totalMs":85.78,"detectMs":0.14,"skillsMs":42.73,"mcpsMs":42.8,"mode":"light","confidence":0.5,"complexity":2,"skillsLoaded":5,"mcpsConnected":7}
{"timestamp":"2025-12-09T06:20:04.791Z","event":"process","runtime":"opus67","totalMs":93.34,"detectMs":0.18,"skillsMs":48.35,"mcpsMs":44.6,"mode":"light","confidence":0.5,"complexity":2,"skillsLoaded":5,"mcpsConnected":5}
{"timestamp":"2025-12-09T06:20:04.890Z","event":"process","runtime":"opus67","totalMs":98.91,"detectMs":0.13,"skillsMs":48.08,"mcpsMs":50.55,"mode":"light","confidence":0.5,"complexity":2,"skillsLoaded":5,"mcpsConnected":5}
{"timestamp":"2025-12-09T06:20:06.569Z","event":"process","runtime":"opus67","totalMs":110.86,"detectMs":0.13,"skillsMs":50.35,"mcpsMs":60.29,"mode":"build","confidence":1,"complexity":3,"skillsLoaded":5,"mcpsConnected":7}
{"timestamp":"2025-12-09T06:20:06.669Z","event":"process","runtime":"opus67","totalMs":99.38,"detectMs":0.23,"skillsMs":53.15,"mcpsMs":45.91,"mode":"think","confidence":0.6666666666666666,"complexity":3,"skillsLoaded":4,"mcpsConnected":6}
{"timestamp":"2025-12-09T06:20:06.764Z","event":"process","runtime":"opus67","totalMs":94.82,"detectMs":0.27,"skillsMs":48.4,"mcpsMs":46.06,"mode":"creative","confidence":1,"complexity":3,"skillsLoaded":5,"mcpsConnected":5}
{"timestamp":"2025-12-09T06:20:06.870Z","event":"process","runtime":"opus67","totalMs":104.69,"detectMs":0.15,"skillsMs":51.74,"mcpsMs":52.71,"mode":"think","confidence":0.6666666666666666,"complexity":3,"skillsLoaded":5,"mcpsConnected":5}
{"timestamp":"2025-12-09T06:20:06.966Z","event":"process","runtime":"opus67","totalMs":95.8,"detectMs":0.14,"skillsMs":50.61,"mcpsMs":44.96,"mode":"build","confidence":1,"complexity":3,"skillsLoaded":5,"mcpsConnected":7}
{"timestamp":"2025-12-09T06:20:07.055Z","event":"process","runtime":"opus67","totalMs":88.29,"detectMs":0.12,"skillsMs":44.59,"mcpsMs":43.49,"mode":"think","confidence":0.6666666666666666,"complexity":3,"skillsLoaded":4,"mcpsConnected":6}
{"timestamp":"2025-12-09T06:20:07.147Z","event":"process","runtime":"opus67","totalMs":91.99,"detectMs":1.93,"skillsMs":43.91,"mcpsMs":46.04,"mode":"creative","confidence":1,"complexity":3,"skillsLoaded":5,"mcpsConnected":5}
{"timestamp":"2025-12-09T06:20:07.253Z","event":"process","runtime":"opus67","totalMs":104.61,"detectMs":0.15,"skillsMs":51.57,"mcpsMs":52.79,"mode":"think","confidence":0.6666666666666666,"complexity":3,"skillsLoaded":5,"mcpsConnected":5}
{"timestamp":"2025-12-09T06:20:07.357Z","event":"boot","runtime":"opus67","durationMs":102.68,"mode":"auto","config":{"tokenBudget":50000,"maxSkills":5,"autoConnectMcps":true,"defaultMode":"auto","showBootScreen":true}}
{"timestamp":"2025-12-09T06:20:07.543Z","event":"process","runtime":"opus67","totalMs":92.08,"detectMs":0.14,"skillsMs":45.9,"mcpsMs":45.95,"mode":"build","confidence":1,"complexity":5,"skillsLoaded":5,"mcpsConnected":5}
{"timestamp":"2025-12-09T06:20:07.638Z","event":"process","runtime":"opus67","totalMs":94.17,"detectMs":0.13,"skillsMs":48.96,"mcpsMs":44.97,"mode":"build","confidence":0.75,"complexity":4,"skillsLoaded":5,"mcpsConnected":7}
{"timestamp":"2025-12-09T06:20:07.730Z","event":"process","runtime":"opus67","totalMs":91.18,"detectMs":0.16,"skillsMs":46.1,"mcpsMs":44.83,"mode":"build","confidence":0.5,"complexity":3,"skillsLoaded":5,"mcpsConnected":6}
{"timestamp":"2025-12-09T06:20:07.827Z","event":"process","runtime":"opus67","totalMs":96.73,"detectMs":0.14,"skillsMs":51.49,"mcpsMs":44.98,"mode":"audit","confidence":1,"complexity":5,"skillsLoaded":5,"mcpsConnected":6}
{"timestamp":"2025-12-09T06:20:07.927Z","event":"process","runtime":"opus67","totalMs":99.33,"detectMs":0.17,"skillsMs":52.07,"mcpsMs":46.98,"mode":"build","confidence":0.5,"complexity":3,"skillsLoaded":5,"mcpsConnected":6}
{"timestamp":"2025-12-09T06:20:08.018Z","event":"process","runtime":"opus67","totalMs":89.74,"detectMs":0.15,"skillsMs":45.38,"mcpsMs":44.13,"mode":"build","confidence":1,"complexity":5,"skillsLoaded":5,"mcpsConnected":5}
{"timestamp":"2025-12-09T06:20:08.114Z","event":"process","runtime":"opus67","totalMs":95.68,"detectMs":0.15,"skillsMs":48.9,"mcpsMs":46.53,"mode":"build","confidence":0.75,"complexity":4,"skillsLoaded":5,"mcpsConnected":7}
{"timestamp":"2025-12-09T06:20:08.218Z","event":"process","runtime":"opus67","totalMs":102.8,"detectMs":0.13,"skillsMs":54.89,"mcpsMs":47.65,"mode":"build","confidence":0.5,"complexity":3,"skillsLoaded":5,"mcpsConnected":6}
{"timestamp":"2025-12-09T06:20:08.311Z","event":"process","runtime":"opus67","totalMs":92.56,"detectMs":0.15,"skillsMs":48.81,"mcpsMs":43.5,"mode":"audit","confidence":1,"complexity":5,"skillsLoaded":5,"mcpsConnected":6}
{"timestamp":"2025-12-09T06:20:08.399Z","event":"process","runtime":"opus67","totalMs":87.71,"detectMs":0.13,"skillsMs":43.83,"mcpsMs":43.68,"mode":"build","confidence":0.5,"complexity":3,"skillsLoaded":5,"mcpsConnected":6}
{"timestamp":"2025-12-09T06:20:08.495Z","event":"process","runtime":"opus67","totalMs":95.25,"detectMs":0.14,"skillsMs":49.54,"mcpsMs":45.49,"mode":"build","confidence":1,"complexity":5,"skillsLoaded":5,"mcpsConnected":5}
{"timestamp":"2025-12-09T06:20:08.593Z","event":"process","runtime":"opus67","totalMs":97.52,"detectMs":0.16,"skillsMs":49.25,"mcpsMs":47.94,"mode":"build","confidence":0.75,"complexity":4,"skillsLoaded":5,"mcpsConnected":7}
{"timestamp":"2025-12-09T06:20:08.688Z","event":"process","runtime":"opus67","totalMs":93.97,"detectMs":0.15,"skillsMs":48.24,"mcpsMs":45.45,"mode":"build","confidence":0.5,"complexity":3,"skillsLoaded":5,"mcpsConnected":6}
{"timestamp":"2025-12-09T06:20:08.776Z","event":"process","runtime":"opus67","totalMs":87.68,"detectMs":0.18,"skillsMs":47.02,"mcpsMs":40.4,"mode":"audit","confidence":1,"complexity":5,"skillsLoaded":5,"mcpsConnected":6}
{"timestamp":"2025-12-09T06:20:08.870Z","event":"process","runtime":"opus67","totalMs":93.51,"detectMs":0.15,"skillsMs":44.6,"mcpsMs":48.67,"mode":"build","confidence":0.5,"complexity":3,"skillsLoaded":5,"mcpsConnected":6}
{"timestamp":"2025-12-09T06:20:08.958Z","event":"process","runtime":"opus67","totalMs":86.78,"detectMs":0.17,"skillsMs":44.7,"mcpsMs":41.84,"mode":"build","confidence":1,"complexity":5,"skillsLoaded":5,"mcpsConnected":5}
{"timestamp":"2025-12-09T06:20:09.045Z","event":"process","runtime":"opus67","totalMs":87.01,"detectMs":0.14,"skillsMs":44.05,"mcpsMs":42.73,"mode":"build","confidence":0.75,"complexity":4,"skillsLoaded":5,"mcpsConnected":7}
{"timestamp":"2025-12-09T06:20:09.131Z","event":"process","runtime":"opus67","totalMs":85.12,"detectMs":0.13,"skillsMs":44.54,"mcpsMs":40.36,"mode":"build","confidence":0.5,"complexity":3,"skillsLoaded":5,"mcpsConnected":6}
{"timestamp":"2025-12-09T06:20:09.219Z","event":"process","runtime":"opus67","totalMs":87.17,"detectMs":0.12,"skillsMs":44.05,"mcpsMs":42.9,"mode":"audit","confidence":1,"complexity":5,"skillsLoaded":5,"mcpsConnected":6}
{"timestamp":"2025-12-09T06:20:09.312Z","event":"process","runtime":"opus67","totalMs":93.1,"detectMs":0.12,"skillsMs":44.97,"mcpsMs":47.91,"mode":"build","confidence":0.5,"complexity":3,"skillsLoaded":5,"mcpsConnected":6}
{"timestamp":"2025-12-09T06:20:09.401Z","event":"process","runtime":"opus67","totalMs":88,"detectMs":0.22,"skillsMs":43.6,"mcpsMs":44.11,"mode":"build","confidence":1,"complexity":5,"skillsLoaded":5,"mcpsConnected":5}
{"timestamp":"2025-12-09T06:20:09.493Z","event":"process","runtime":"opus67","totalMs":91.44,"detectMs":0.16,"skillsMs":47.4,"mcpsMs":43.78,"mode":"build","confidence":0.75,"complexity":4,"skillsLoaded":5,"mcpsConnected":7}
{"timestamp":"2025-12-09T06:20:09.584Z","event":"process","runtime":"opus67","totalMs":90.31,"detectMs":0.15,"skillsMs":46.12,"mcpsMs":43.95,"mode":"build","confidence":0.5,"complexity":3,"skillsLoaded":5,"mcpsConnected":6}
{"timestamp":"2025-12-09T06:20:09.676Z","event":"process","runtime":"opus67","totalMs":92.02,"detectMs":0.15,"skillsMs":42.43,"mcpsMs":49.33,"mode":"audit","confidence":1,"complexity":5,"skillsLoaded":5,"mcpsConnected":6}
{"timestamp":"2025-12-09T06:20:09.774Z","event":"process","runtime":"opus67","totalMs":96.95,"detectMs":0.15,"skillsMs":49.5,"mcpsMs":47.19,"mode":"build","confidence":0.5,"complexity":3,"skillsLoaded":5,"mcpsConnected":6}
{"timestamp":"2025-12-09T06:20:09.870Z","event":"process","runtime":"opus67","totalMs":94.28,"detectMs":0.15,"skillsMs":47.61,"mcpsMs":46.44,"mode":"build","confidence":1,"complexity":5,"skillsLoaded":5,"mcpsConnected":2}
{"timestamp":"2025-12-09T06:20:09.961Z","event":"process","runtime":"opus67","totalMs":90.71,"detectMs":0.14,"skillsMs":45.45,"mcpsMs":45.06,"mode":"build","confidence":1,"complexity":5,"skillsLoaded":5,"mcpsConnected":2}
{"timestamp":"2025-12-09T06:20:10.052Z","event":"process","runtime":"opus67","totalMs":90.2,"detectMs":0.19,"skillsMs":48.12,"mcpsMs":41.84,"mode":"build","confidence":1,"complexity":5,"skillsLoaded":5,"mcpsConnected":2}
{"timestamp":"2025-12-09T06:20:10.136Z","event":"process","runtime":"opus67","totalMs":84.11,"detectMs":0.12,"skillsMs":44.65,"mcpsMs":39.28,"mode":"build","confidence":1,"complexity":5,"skillsLoaded":5,"mcpsConnected":2}
{"timestamp":"2025-12-09T06:20:10.221Z","event":"process","runtime":"opus67","totalMs":83.72,"detectMs":0.15,"skillsMs":40.8,"mcpsMs":42.7,"mode":"build","confidence":1,"complexity":5,"skillsLoaded":5,"mcpsConnected":2}
{"timestamp":"2025-12-09T06:20:10.306Z","event":"process","runtime":"opus67","totalMs":84.42,"detectMs":0.14,"skillsMs":41.37,"mcpsMs":42.85,"mode":"build","confidence":1,"complexity":5,"skillsLoaded":5,"mcpsConnected":2}
{"timestamp":"2025-12-09T06:20:10.394Z","event":"process","runtime":"opus67","totalMs":88.11,"detectMs":0.12,"skillsMs":46.47,"mcpsMs":41.46,"mode":"build","confidence":1,"complexity":5,"skillsLoaded":5,"mcpsConnected":2}
{"timestamp":"2025-12-09T06:20:10.487Z","event":"process","runtime":"opus67","totalMs":91.78,"detectMs":0.13,"skillsMs":44.56,"mcpsMs":47.03,"mode":"build","confidence":1,"complexity":5,"skillsLoaded":5,"mcpsConnected":2}
{"timestamp":"2025-12-09T06:20:10.577Z","event":"process","runtime":"opus67","totalMs":90,"detectMs":0.13,"skillsMs":45.78,"mcpsMs":44.03,"mode":"build","confidence":1,"complexity":5,"skillsLoaded":5,"mcpsConnected":2}
{"timestamp":"2025-12-09T06:20:10.671Z","event":"process","runtime":"opus67","totalMs":92.88,"detectMs":0.2,"skillsMs":48,"mcpsMs":44.6,"mode":"build","confidence":1,"complexity":5,"skillsLoaded":5,"mcpsConnected":2}
{"timestamp":"2025-12-09T06:20:10.766Z","event":"process","runtime":"opus67","totalMs":94.06,"detectMs":0.14,"skillsMs":46.23,"mcpsMs":47.62,"mode":"build","confidence":1,"complexity":5,"skillsLoaded":5,"mcpsConnected":2}
{"timestamp":"2025-12-09T06:20:10.856Z","event":"process","runtime":"opus67","totalMs":89.21,"detectMs":0.16,"skillsMs":44.72,"mcpsMs":44.27,"mode":"build","confidence":1,"complexity":5,"skillsLoaded":5,"mcpsConnected":2}
{"timestamp":"2025-12-09T06:20:10.956Z","event":"process","runtime":"opus67","totalMs":99.98,"detectMs":0.14,"skillsMs":53.87,"mcpsMs":45.9,"mode":"build","confidence":1,"complexity":5,"skillsLoaded":5,"mcpsConnected":2}
{"timestamp":"2025-12-09T06:20:11.054Z","event":"process","runtime":"opus67","totalMs":97.11,"detectMs":0.13,"skillsMs":48.78,"mcpsMs":48.11,"mode":"build","confidence":1,"complexity":5,"skillsLoaded":5,"mcpsConnected":2}
{"timestamp":"2025-12-09T06:20:11.157Z","event":"process","runtime":"opus67","totalMs":102.62,"detectMs":0.14,"skillsMs":47.32,"mcpsMs":55.04,"mode":"build","confidence":1,"complexity":5,"skillsLoaded":5,"mcpsConnected":2}
{"timestamp":"2025-12-09T06:20:11.267Z","event":"process","runtime":"opus67","totalMs":108.7,"detectMs":0.18,"skillsMs":57.91,"mcpsMs":50.54,"mode":"build","confidence":1,"complexity":5,"skillsLoaded":5,"mcpsConnected":2}
{"timestamp":"2025-12-09T06:20:11.365Z","event":"process","runtime":"opus67","totalMs":97.66,"detectMs":0.16,"skillsMs":52.99,"mcpsMs":44.44,"mode":"build","confidence":1,"complexity":5,"skillsLoaded":5,"mcpsConnected":2}
{"timestamp":"2025-12-09T06:20:11.455Z","event":"process","runtime":"opus67","totalMs":88.87,"detectMs":0.13,"skillsMs":45.4,"mcpsMs":43.26,"mode":"build","confidence":1,"complexity":5,"skillsLoaded":5,"mcpsConnected":2}
{"timestamp":"2025-12-09T06:20:11.544Z","event":"process","runtime":"opus67","totalMs":88.53,"detectMs":0.18,"skillsMs":45.22,"mcpsMs":43.07,"mode":"build","confidence":1,"complexity":5,"skillsLoaded":5,"mcpsConnected":2}
{"timestamp":"2025-12-09T06:20:11.628Z","event":"process","runtime":"opus67","totalMs":83.01,"detectMs":0.16,"skillsMs":43.98,"mcpsMs":38.79,"mode":"build","confidence":1,"complexity":5,"skillsLoaded":5,"mcpsConnected":2}
{"timestamp":"2025-12-09T06:20:11.723Z","event":"process","runtime":"opus67","totalMs":94.26,"detectMs":0.16,"skillsMs":47.95,"mcpsMs":46.1,"mode":"build","confidence":1,"complexity":5,"skillsLoaded":5,"mcpsConnected":2}
{"timestamp":"2025-12-09T06:20:11.810Z","event":"process","runtime":"opus67","totalMs":86.84,"detectMs":0.15,"skillsMs":43.59,"mcpsMs":43.04,"mode":"build","confidence":1,"complexity":5,"skillsLoaded":5,"mcpsConnected":2}
{"timestamp":"2025-12-09T06:20:11.896Z","event":"process","runtime":"opus67","totalMs":84.92,"detectMs":0.15,"skillsMs":42.95,"mcpsMs":41.74,"mode":"build","confidence":1,"complexity":5,"skillsLoaded":5,"mcpsConnected":2}
{"timestamp":"2025-12-09T06:20:12.012Z","event":"process","runtime":"opus67","totalMs":115.01,"detectMs":0.14,"skillsMs":51.48,"mcpsMs":63.32,"mode":"build","confidence":1,"complexity":5,"skillsLoaded":5,"mcpsConnected":2}
{"timestamp":"2025-12-09T06:20:12.106Z","event":"process","runtime":"opus67","totalMs":94.09,"detectMs":0.14,"skillsMs":46.75,"mcpsMs":47.14,"mode":"build","confidence":1,"complexity":5,"skillsLoaded":5,"mcpsConnected":2}
{"timestamp":"2025-12-09T06:20:12.199Z","event":"process","runtime":"opus67","totalMs":92.1,"detectMs":0.3,"skillsMs":46.09,"mcpsMs":45.61,"mode":"build","confidence":1,"complexity":5,"skillsLoaded":5,"mcpsConnected":2}
{"timestamp":"2025-12-09T06:20:12.295Z","event":"process","runtime":"opus67","totalMs":95.47,"detectMs":0.25,"skillsMs":51.78,"mcpsMs":43.36,"mode":"build","confidence":1,"complexity":5,"skillsLoaded":5,"mcpsConnected":2}
{"timestamp":"2025-12-09T06:20:12.389Z","event":"process","runtime":"opus67","totalMs":93.1,"detectMs":0.12,"skillsMs":47.3,"mcpsMs":45.63,"mode":"build","confidence":1,"complexity":5,"skillsLoaded":5,"mcpsConnected":2}
{"timestamp":"2025-12-09T06:20:12.473Z","event":"process","runtime":"opus67","totalMs":83.88,"detectMs":0.13,"skillsMs":44.98,"mcpsMs":38.71,"mode":"build","confidence":1,"complexity":5,"skillsLoaded":5,"mcpsConnected":2}
{"timestamp":"2025-12-09T06:20:12.560Z","event":"process","runtime":"opus67","totalMs":86.25,"detectMs":0.11,"skillsMs":45.44,"mcpsMs":40.64,"mode":"build","confidence":1,"complexity":5,"skillsLoaded":5,"mcpsConnected":2}
